<?xml version="1.0" encoding="UTF-8"?>
<!-- Generated by org.testng.reporters.JUnitReportReporter -->
<testsuite hostname="geetesh" name="businessScenario.ReportValidation" tests="1" failures="0" timestamp="7 Jun 2017 21:31:53 GMT" time="39.684" errors="0">
  <testcase name="reportValidation" time="39.684" classname="businessScenario.ReportValidation"/>
</testsuite> <!-- businessScenario.ReportValidation -->
